{
  "RSpec": {
    "coverage": {
      "/opt/app/app/models/product_category.rb": {
        "lines": [
          1,
          null
        ]
      },
      "/opt/app/app/models/application_record.rb": {
        "lines": [
          1,
          1,
          null
        ]
      },
      "/opt/app/app/models/product.rb": {
        "lines": [
          1,
          1,
          null,
          1,
          null
        ]
      },
      "/opt/app/app/controllers/api/v1/products_controller.rb": {
        "lines": [
          1,
          1,
          1,
          3,
          null,
          null,
          1,
          null,
          1,
          2,
          2,
          2,
          null,
          null
        ]
      },
      "/opt/app/app/controllers/application_controller.rb": {
        "lines": [
          1,
          null
        ]
      }
    },
    "timestamp": 1678203195
  }
}
